<?xml version="1.0" encoding="UTF-8"?>
<testng-results ignored="0" total="1" passed="1" failed="0" skipped="0">
  <reporter-output>
  </reporter-output>
  <suite started-at="2023-07-26T07:50:57 EEST" name="Use tests automation" finished-at="2023-07-26T07:51:14 EEST" duration-ms="17111">
    <groups>
    </groups>
    <test started-at="2023-07-26T07:50:57 EEST" name="Smoke testing" finished-at="2023-07-26T07:51:14 EEST" duration-ms="17111">
      <class name="tests.ButtonClickTest">
        <test-method is-config="true" signature="setUp()[pri:0, instance:tests.ButtonClickTest@6079cf5]" started-at="2023-07-26T07:50:57 EEST" name="setUp" finished-at="2023-07-26T07:51:08 EEST" duration-ms="10099" status="PASS">
          <reporter-output>
          </reporter-output>
        </test-method> <!-- setUp -->
        <test-method signature="testClickMe()[pri:0, instance:tests.ButtonClickTest@6079cf5]" started-at="2023-07-26T07:51:08 EEST" name="testClickMe" finished-at="2023-07-26T07:51:13 EEST" duration-ms="5531" status="PASS">
          <reporter-output>
          </reporter-output>
        </test-method> <!-- testClickMe -->
        <test-method is-config="true" signature="cleanUp()[pri:0, instance:tests.ButtonClickTest@6079cf5]" started-at="2023-07-26T07:51:13 EEST" name="cleanUp" finished-at="2023-07-26T07:51:14 EEST" duration-ms="964" status="PASS">
          <reporter-output>
          </reporter-output>
        </test-method> <!-- cleanUp -->
      </class> <!-- tests.ButtonClickTest -->
    </test> <!-- Smoke testing -->
  </suite> <!-- Use tests automation -->
</testng-results>
